\BOOKMARK [-1][-]{part.1}{\376\377\000I\000\040\001\020\036\240\000I\000\040\000S\036\320}{}% 1
\BOOKMARK [0][-]{chapter.1}{\376\377\000S\036\321\000\040\000H\036\356\000U\000\040\000T\036\310\000\040\000-\000\040\000S\036\320\000\040\000T\000H\036\360\000C}{part.1}% 2
\BOOKMARK [1][-]{section.1.1}{\376\377\000S\036\321\000\040\000h\036\357\000u\000\040\000t\036\311}{chapter.1}% 3
\BOOKMARK [2][-]{subsection.1.1.1}{\376\377\000H\036\317\000i\000\040\001\021\000\341\000p\000\040\000n\000h\000a\000n\000h}{section.1.1}% 4
\BOOKMARK [2][-]{subsection.1.1.2}{\376\377\000H\036\315\000c\000\040\000g\000i\036\243\000i\000\040\000t\000o\000\341\000n}{section.1.1}% 5
\BOOKMARK [2][-]{subsection.1.1.3}{\376\377\000B\000\340\000i\000\040\000t\036\255\000p}{section.1.1}% 6
\BOOKMARK [1][-]{section.1.2}{\376\377\000C\000\341\000c\000\040\000p\000h\000\351\000p\000\040\000t\000\355\000n\000h\000\040\000v\036\301\000\040\000s\036\321\000\040\000h\036\357\000u\000\040\000t\036\311}{chapter.1}% 7
\BOOKMARK [2][-]{subsection.1.2.1}{\376\377\000H\036\317\000i\000\040\001\021\000\341\000p\000\040\000n\000h\000a\000n\000h}{section.1.2}% 8
\BOOKMARK [2][-]{subsection.1.2.2}{\376\377\000H\036\315\000c\000\040\000g\000i\036\243\000i\000\040\000t\000o\000\341\000n}{section.1.2}% 9
\BOOKMARK [2][-]{subsection.1.2.3}{\376\377\000B\000\340\000i\000\040\000t\036\241\000p}{section.1.2}% 10
\BOOKMARK [1][-]{section.1.3}{\376\377\000L\001\151\000y\000\040\000t\000h\036\353\000a\000\040\000c\036\347\000a\000\040\000m\036\331\000t\000\040\000s\036\321\000\040\000h\036\357\000u\000\040\000t\036\311}{chapter.1}% 11
\BOOKMARK [2][-]{subsection.1.3.1}{\376\377\000H\036\317\000i\000\040\001\021\000\341\000p\000\040\000n\000h\000a\000n\000h}{section.1.3}% 12
\BOOKMARK [2][-]{subsection.1.3.2}{\376\377\000H\036\315\000c\000\040\000g\000i\036\243\000i\000\040\000t\000o\000\341\000n}{section.1.3}% 13
\BOOKMARK [2][-]{subsection.1.3.3}{\376\377\000B\000\340\000i\000\040\000t\036\255\000p}{section.1.3}% 14
\BOOKMARK [1][-]{section.1.4}{\376\377\000T\036\311\000\040\000l\036\307\000\040\000t\000h\036\351\000c\000\040\000-\000\040\000D\000\343\000y\000\040\000t\036\311\000\040\000s\036\321\000\040\000b\036\261\000n\000g\000\040\000n\000h\000a\000u}{chapter.1}% 15
\BOOKMARK [2][-]{subsection.1.4.1}{\376\377\000H\036\317\000i\000\040\001\021\000\341\000p\000\040\000n\000h\000a\000n\000h}{section.1.4}% 16
\BOOKMARK [2][-]{subsection.1.4.2}{\376\377\000H\036\315\000c\000\040\000g\000i\036\243\000i\000\040\000t\000o\000\341\000n}{section.1.4}% 17
\BOOKMARK [2][-]{subsection.1.4.3}{\376\377\000B\000\340\000i\000\040\000t\036\255\000p}{section.1.4}% 18
\BOOKMARK [1][-]{section.1.5}{\376\377\000S\036\321\000\040\000v\000\364\000\040\000t\036\311\000.\000\040\000S\036\321\000\040\000t\000h\036\361\000c}{chapter.1}% 19
\BOOKMARK [2][-]{subsection.1.5.1}{\376\377\000H\036\317\000i\000\040\001\021\000\341\000p\000\040\000n\000h\000a\000n\000h}{section.1.5}% 20
\BOOKMARK [2][-]{subsection.1.5.2}{\376\377\000H\036\315\000c\000\040\000g\000i\036\243\000i\000\040\000t\000o\000\341\000n}{section.1.5}% 21
\BOOKMARK [2][-]{subsection.1.5.3}{\376\377\000B\000\340\000i\000\040\000t\036\255\000p}{section.1.5}% 22
\BOOKMARK [2][-]{subsection.1.5.4}{\376\377\000E\000m\000\040\000c\000\363\000\040\000b\000i\036\277\000t}{section.1.5}% 23
\BOOKMARK [2][-]{subsection.1.5.5}{\376\377\001\020\036\315\000c\000\040\000t\000h\000\352\000m}{section.1.5}% 24
\BOOKMARK [2][-]{subsection.1.5.6}{\376\377\001\020\036\321\000\040\000v\000u\000i}{section.1.5}% 25
\BOOKMARK [0][-]{chapter.2}{\376\377\000H\000\300\000M\000\040\000S\036\320\000\040\000V\000\300\000\040\001\020\036\322\000\040\000T\000H\036\312}{part.1}% 26
\BOOKMARK [1][-]{section.2.1}{\376\377\001\020\036\241\000i\000\040\000l\001\260\036\343\000n\000g\000\040\000t\036\311\000\040\000l\036\307\000\040\000t\000h\000u\036\255\000n}{chapter.2}% 27
\BOOKMARK [2][-]{subsection.2.1.1}{\376\377\000H\036\317\000i\000\040\001\021\000\341\000p\000\040\000n\000h\000a\000n\000h}{section.2.1}% 28
\BOOKMARK [2][-]{subsection.2.1.2}{\376\377\000H\036\315\000c\000\040\000g\000i\036\243\000i\000\040\000t\000o\000\341\000n}{section.2.1}% 29
\BOOKMARK [2][-]{subsection.2.1.3}{\376\377\000B\000\340\000i\000\040\000t\036\255\000p}{section.2.1}% 30
\BOOKMARK [2][-]{subsection.2.1.4}{\376\377\000E\000m\000\040\000c\000\363\000\040\000b\000i\036\277\000t}{section.2.1}% 31
\BOOKMARK [1][-]{section.2.2}{\376\377\001\020\036\241\000i\000\040\000l\001\260\036\343\000n\000g\000\040\000t\036\311\000\040\000l\036\307\000\040\000n\000g\000h\036\313\000c\000h}{chapter.2}% 32
\BOOKMARK [2][-]{subsection.2.2.1}{\376\377\000K\000i\036\277\000n\000\040\000t\000h\036\351\000c\000\040\000c\036\247\000n\000\040\000n\000h\036\333}{section.2.2}% 33
\BOOKMARK [2][-]{subsection.2.2.2}{\376\377\000H\036\317\000i\000\040\001\021\000\341\000p\000\040\000n\000h\000a\000n\000h}{section.2.2}% 34
\BOOKMARK [2][-]{subsection.2.2.3}{\376\377\000H\036\315\000c\000\040\000g\000i\036\243\000i\000\040\000t\000o\000\341\000n}{section.2.2}% 35
\BOOKMARK [2][-]{subsection.2.2.4}{\376\377\000B\000\340\000i\000\040\000t\036\255\000p}{section.2.2}% 36
\BOOKMARK [2][-]{subsection.2.2.5}{\376\377\000E\000m\000\040\000c\000\363\000\040\000b\000i\036\277\000t}{section.2.2}% 37
\BOOKMARK [1][-]{section.2.3}{\376\377\000H\000\340\000m\000\040\000s\036\321\000.\000\040\001\020\036\323\000\040\000t\000h\036\313\000\040\000c\036\347\000a\000\040\000h\000\340\000m\000\040\000s\036\321}{chapter.2}% 38
\BOOKMARK [2][-]{subsection.2.3.1}{\376\377\000K\000i\036\277\000n\000\040\000t\000h\036\351\000c\000\040\000c\036\247\000n\000\040\000n\000h\036\333}{section.2.3}% 39
\BOOKMARK [2][-]{subsection.2.3.2}{\376\377\000H\036\317\000i\000\040\001\021\000\341\000p\000\040\000n\000h\000a\000n\000h}{section.2.3}% 40
\BOOKMARK [2][-]{subsection.2.3.3}{\376\377\000H\036\315\000c\000\040\000g\000i\036\243\000i\000\040\000t\000o\000\341\000n}{section.2.3}% 41
\BOOKMARK [2][-]{subsection.2.3.4}{\376\377\000B\000\340\000i\000\040\000t\036\255\000p}{section.2.3}% 42
\BOOKMARK [2][-]{subsection.2.3.5}{\376\377\000E\000m\000\040\000c\000\363\000\040\000b\000i\036\277\000t}{section.2.3}% 43
\BOOKMARK [2][-]{subsection.2.3.6}{\376\377\000S\000u\000y\000\040\000n\000g\036\253\000m}{section.2.3}% 44
\BOOKMARK [2][-]{subsection.2.3.7}{\376\377\001\020\036\321\000\040\000v\000u\000i}{section.2.3}% 45
\BOOKMARK [0][-]{chapter.3}{\376\377\000T\000H\036\320\000N\000G\000\040\000K\000\312}{part.1}% 46
\BOOKMARK [1][-]{section.3.1}{\376\377\000S\036\321\000\040\000l\000i\036\307\000u\000\040\000t\000h\036\321\000n\000g\000\040\000k\000\352\000.\000\040\000T\036\247\000n\000\040\000s\036\321}{chapter.3}% 47
\BOOKMARK [2][-]{subsection.3.1.1}{\376\377\000H\036\317\000i\000\040\001\021\000\341\000p\000\040\000n\000h\000a\000n\000h}{section.3.1}% 48
\BOOKMARK [2][-]{subsection.3.1.2}{\376\377\000H\036\315\000c\000\040\000g\000i\036\243\000i\000\040\000t\000o\000\341\000n}{section.3.1}% 49
\BOOKMARK [2][-]{subsection.3.1.3}{\376\377\000B\000\340\000i\000\040\000t\036\255\000p}{section.3.1}% 50
\BOOKMARK [1][-]{section.3.2}{\376\377\000B\000i\036\303\000u\000\040\001\020\036\323\000\040\000-\000\040\000S\036\321\000\040\000T\000r\000u\000n\000g\000\040\000B\000\354\000n\000h\000\040\000C\036\331\000n\000g}{chapter.3}% 51
\BOOKMARK [2][-]{subsection.3.2.1}{\376\377\000H\036\317\000i\000\040\001\021\000\341\000p\000\040\000n\000h\000a\000n\000h}{section.3.2}% 52
\BOOKMARK [2][-]{subsection.3.2.2}{\376\377\000H\036\315\000c\000\040\000g\000i\036\243\000i\000\040\000t\000o\000\341\000n}{section.3.2}% 53
\BOOKMARK [2][-]{subsection.3.2.3}{\376\377\000B\000\340\000i\000\040\000t\036\255\000p}{section.3.2}% 54
\BOOKMARK [0][-]{chapter.4}{\376\377\000B\000I\036\302\000U\000\040\000T\000H\036\350\000C\000\040\001\020\036\240\000I\000\040\000S\036\320}{part.1}% 55
\BOOKMARK [1][-]{section.4.1}{\376\377\000B\000i\036\303\000u\000\040\000t\000h\036\351\000c\000\040\001\021\036\241\000i\000\040\000s\036\321\000.\000\040\000G\000i\000\341\000\040\000t\000r\036\313\000\040\000c\036\347\000a\000\040\000m\036\331\000t\000\040\000b\000i\036\303\000u\000\040\000t\000h\036\351\000c\000\040\001\021\036\241\000i\000\040\000s\036\321}{chapter.4}% 56
\BOOKMARK [2][-]{subsection.4.1.1}{\376\377\000H\036\317\000i\000\040\001\021\000\341\000p\000\040\000n\000h\000a\000n\000h}{section.4.1}% 57
\BOOKMARK [2][-]{subsection.4.1.2}{\376\377\000H\036\315\000c\000\040\000g\000i\036\243\000i\000\040\000t\000o\000\341\000n}{section.4.1}% 58
\BOOKMARK [2][-]{subsection.4.1.3}{\376\377\000B\000\340\000i\000\040\000t\036\255\000p}{section.4.1}% 59
\BOOKMARK [1][-]{section.4.2}{\376\377\001\020\001\241\000n\000\040\000t\000h\036\351\000c\000,\000\040\001\021\001\241\000n\000\040\000t\000h\036\351\000c\000\040\001\021\036\323\000n\000g\000\040\000d\036\241\000n\000g}{chapter.4}% 60
\BOOKMARK [2][-]{subsection.4.2.1}{\376\377\000H\036\317\000i\000\040\001\021\000\341\000p\000\040\000n\000h\000a\000n\000h}{section.4.2}% 61
\BOOKMARK [2][-]{subsection.4.2.2}{\376\377\000H\036\315\000c\000\040\000g\000i\036\243\000i\000\040\000t\000o\000\341\000n}{section.4.2}% 62
\BOOKMARK [2][-]{subsection.4.2.3}{\376\377\000B\000\340\000i\000\040\000t\036\255\000p}{section.4.2}% 63
\BOOKMARK [1][-]{section.4.3}{\376\377\001\020\000A\000\040\000T\000H\036\350\000C\000.\000\040\000C\036\330\000N\000G\000\040\000T\000R\036\352\000\040\001\020\000A\000\040\000T\000H\036\350\000C}{chapter.4}% 64
\BOOKMARK [2][-]{subsection.4.3.1}{\376\377\000K\000i\036\277\000n\000\040\000t\000h\036\351\000c\000\040\000c\036\247\000n\000\040\000n\000h\036\333}{section.4.3}% 65
\BOOKMARK [2][-]{subsection.4.3.2}{\376\377\000H\036\317\000i\000\040\001\021\000\341\000p\000\040\000n\000h\000a\000n\000h}{section.4.3}% 66
\BOOKMARK [2][-]{subsection.4.3.3}{\376\377\000H\036\315\000c\000\040\000g\000i\036\243\000i\000\040\000t\000o\000\341\000n}{section.4.3}% 67
\BOOKMARK [2][-]{subsection.4.3.4}{\376\377\000B\000\340\000i\000\040\000t\036\255\000p}{section.4.3}% 68
\BOOKMARK [1][-]{section.4.4}{\376\377\000N\000G\000H\000I\036\306\000M\000\040\000C\036\346\000A\000\040\001\020\000A\000\040\000T\000H\036\350\000C\000\040\000M\036\330\000T\000\040\000B\000I\036\276\000N}{chapter.4}% 69
\BOOKMARK [2][-]{subsection.4.4.1}{\376\377\000K\000i\036\277\000n\000\040\000t\000h\036\351\000c\000\040\000c\036\247\000n\000\040\000n\000h\036\333}{section.4.4}% 70
\BOOKMARK [2][-]{subsection.4.4.2}{\376\377\000H\036\317\000i\000\040\001\021\000\341\000p\000\040\000n\000h\000a\000n\000h}{section.4.4}% 71
\BOOKMARK [2][-]{subsection.4.4.3}{\376\377\000H\036\315\000c\000\040\000g\000i\036\243\000i\000\040\000t\000o\000\341\000n}{section.4.4}% 72
\BOOKMARK [2][-]{subsection.4.4.4}{\376\377\000B\000\340\000i\000\040\000t\036\255\000p}{section.4.4}% 73
\BOOKMARK [-1][-]{part.2}{\376\377\000I\000I\000\040\000H\000\314\000N\000H\000\040\000H\036\314\000C}{}% 74
\BOOKMARK [0][-]{chapter.1}{\376\377\001\020\001\257\036\334\000N\000G\000\040\000T\000H\036\262\000N\000G\000\040\000V\000U\000\324\000N\000G\000\040\000G\000\323\000C\000\040\000-\000\040\000S\000O\000N\000G\000\040\000S\000O\000N\000G}{part.2}% 75
\BOOKMARK [1][-]{section.1.1}{\376\377\000H\000a\000i\000\040\000g\000\363\000c\000\040\001\021\036\321\000i\000\040\001\021\036\311\000n\000h\000.\000\040\000H\000a\000i\000\040\001\021\001\260\036\335\000n\000g\000\040\000t\000h\036\263\000n\000g\000\040\000v\000u\000\364\000n\000g\000\040\000g\000\363\000c}{chapter.1}% 76
\BOOKMARK [2][-]{subsection.1.1.1}{\376\377\000H\036\317\000i\000\040\001\021\000\341\000p\000\040\000n\000h\000a\000n\000h}{section.1.1}% 77
\BOOKMARK [2][-]{subsection.1.1.2}{\376\377\000H\036\315\000c\000\040\000g\000i\036\243\000i\000\040\000t\000o\000\341\000n}{section.1.1}% 78
\BOOKMARK [2][-]{subsection.1.1.3}{\376\377\000B\000\340\000i\000\040\000t\036\255\000p}{section.1.1}% 79
\BOOKMARK [1][-]{section.1.2}{\376\377\000H\000a\000i\000\040\001\021\001\260\036\335\000n\000g\000\040\000t\000h\036\263\000n\000g\000\040\000s\000o\000n\000g\000\040\000s\000o\000n\000g}{chapter.1}% 80
\BOOKMARK [2][-]{subsection.1.2.1}{\376\377\000T\000\363\000m\000\040\000t\036\257\000t\000\040\000l\000\355\000\040\000t\000h\000u\000y\036\277\000t}{section.1.2}% 81
\BOOKMARK [2][-]{subsection.1.2.2}{\376\377\000H\036\317\000i\000\040\001\021\000\341\000p\000\040\000n\000h\000a\000n\000h}{section.1.2}% 82
\BOOKMARK [2][-]{subsection.1.2.3}{\376\377\000H\036\315\000c\000\040\000g\000i\036\243\000i\000\040\000t\000o\000\341\000n}{section.1.2}% 83
\BOOKMARK [2][-]{subsection.1.2.4}{\376\377\000B\000\340\000i\000\040\000t\036\255\000p}{section.1.2}% 84
\BOOKMARK [1][-]{section.1.3}{\376\377\000T\000i\000\352\000n\000\040\001\021\036\301\000\040\001\240\000-\000c\000l\000\355\000t\000\040\000v\036\301\000\040\000h\000a\000i\000\040\001\021\001\260\036\335\000n\000g\000\040\000t\000h\036\263\000n\000g\000\040\000s\000o\000n\000g\000\040\000s\000o\000n\000g\000.\000\040\000T\036\353\000\040\000v\000u\000\364\000n\000g\000\040\000g\000\363\000c\000\040\001\021\036\277\000n\000\040\000s\000o\000n\000g\000\040\000s\000o\000n\000g}{chapter.1}% 85
\BOOKMARK [2][-]{subsection.1.3.1}{\376\377\000T\000\363\000m\000\040\000t\036\257\000t\000\040\000l\000\375\000\040\000t\000h\000u\000y\036\277\000t}{section.1.3}% 86
\BOOKMARK [2][-]{subsection.1.3.2}{\376\377\000H\036\317\000i\000\040\001\021\000\341\000p\000\040\000n\000h\000a\000n\000h}{section.1.3}% 87
\BOOKMARK [2][-]{subsection.1.3.3}{\376\377\000H\036\315\000c\000\040\000g\000i\036\243\000i\000\040\000t\000o\000\341\000n}{section.1.3}% 88
\BOOKMARK [2][-]{subsection.1.3.4}{\376\377\000B\000\340\000i\000\040\000t\036\255\000p}{section.1.3}% 89
\BOOKMARK [1][-]{section.1.4}{\376\377\001\020\036\313\000n\000h\000\040\000l\000\375}{chapter.1}% 90
\BOOKMARK [2][-]{subsection.1.4.1}{\376\377\000K\000i\036\277\000n\000\040\000t\000h\036\351\000c\000\040\000c\036\247\000n\000\040\000n\000h\036\333}{section.1.4}% 91
\BOOKMARK [2][-]{subsection.1.4.2}{\376\377\000H\036\317\000i\000\040\001\021\000\341\000p\000\040\000n\000h\000a\000n\000h}{section.1.4}% 92
\BOOKMARK [2][-]{subsection.1.4.3}{\376\377\000H\036\315\000c\000\040\000g\000i\036\243\000i\000\040\000t\000o\000\341\000n}{section.1.4}% 93
\BOOKMARK [2][-]{subsection.1.4.4}{\376\377\000B\000\340\000i\000\040\000t\036\255\000p}{section.1.4}% 94
\BOOKMARK [2][-]{subsection.1.4.5}{\376\377\000E\000m\000\040\000c\000\363\000\040\000b\000i\036\277\000t}{section.1.4}% 95
\BOOKMARK [2][-]{subsection.1.4.6}{\376\377\001\020\000i\000\040\000x\000a\000\040\000h\001\241\000n}{section.1.4}% 96
\BOOKMARK [0][-]{chapter.2}{\376\377\000T\000A\000M\000\040\000G\000I\000\301\000C}{part.2}% 97
\BOOKMARK [1][-]{section.2.1}{\376\377\000T\036\325\000n\000g\000\040\000b\000a\000\040\000g\000\363\000c\000\040\000c\036\347\000a\000\040\000t\000a\000m\000\040\000g\000i\000a\000c}{chapter.2}% 98
\BOOKMARK [2][-]{subsection.2.1.1}{\376\377\000H\036\317\000i\000\040\001\021\000\341\000p\000\040\000n\000h\000a\000n\000h}{section.2.1}% 99
\BOOKMARK [2][-]{subsection.2.1.2}{\376\377\000H\036\315\000c\000\040\000g\000i\036\243\000i\000\040\000t\000o\000\341\000n}{section.2.1}% 100
\BOOKMARK [2][-]{subsection.2.1.3}{\376\377\000B\000\340\000i\000\040\000t\036\255\000p}{section.2.1}% 101
\BOOKMARK [0][-]{chapter.3}{\376\377\000T\000a\000m\000\040\000g\000i\000\341\000c}{part.2}% 102
\BOOKMARK [1][-]{section.3.1}{\376\377\000C\000\301\000C\000\040\000T\000R\001\257\036\334\000N\000G\000\040\000H\036\342\000P\000\040\000B\036\260\000N\000G\000\040\000N\000H\000A\000U\000\040\000\040\000C\036\346\000A\000\040\000T\000A\000M\000\040\000G\000I\000\301\000C}{chapter.3}% 103
\BOOKMARK [2][-]{subsection.3.1.1}{\376\377\000H\036\317\000i\000\040\001\021\000\341\000p\000\040\000n\000h\000a\000n\000h}{section.3.1}% 104
\BOOKMARK [2][-]{subsection.3.1.2}{\376\377\000H\036\315\000c\000\040\000g\000i\036\243\000i\000\040\000t\000o\000\341\000n}{section.3.1}% 105
\BOOKMARK [2][-]{subsection.3.1.3}{\376\377\000B\000\340\000i\000\040\000t\036\255\000p}{section.3.1}% 106
\BOOKMARK [1][-]{section.3.2}{\376\377\000T\000a\000m\000\040\000g\000i\000\341\000c\000\040\000c\000\342\000n\000.\000\040\000T\000a\000m\000\040\000g\000i\000\341\000c\000\040\001\021\036\301\000u}{chapter.3}% 107
\BOOKMARK [2][-]{subsection.3.2.1}{\376\377\000K\000i\036\277\000n\000\040\000t\000h\036\351\000c\000\040\000c\036\247\000n\000\040\000n\000h\036\333}{section.3.2}% 108
\BOOKMARK [2][-]{subsection.3.2.2}{\376\377\000H\036\317\000i\000\040\001\021\000\341\000p\000\040\000n\000h\000a\000n\000h}{section.3.2}% 109
\BOOKMARK [2][-]{subsection.3.2.3}{\376\377\000H\036\315\000c\000\040\000g\000i\036\243\000i\000\040\000t\000o\000\341\000n}{section.3.2}% 110
\BOOKMARK [2][-]{subsection.3.2.4}{\376\377\000B\000\340\000i\000\040\000t\036\255\000p}{section.3.2}% 111
\BOOKMARK [1][-]{section.3.3}{\376\377\001\020\036\313\000n\000h\000\040\000l\000\375\000\040\000P\000y\000-\000T\000a\000-\000G\000o}{chapter.3}% 112
\BOOKMARK [2][-]{subsection.3.3.1}{\376\377\000H\036\317\000i\000\040\001\021\000\341\000p\000\040\000n\000h\000a\000n\000h}{section.3.3}% 113
\BOOKMARK [2][-]{subsection.3.3.2}{\376\377\000H\036\315\000c\000\040\000g\000i\036\243\000i\000\040\000t\000o\000\341\000n}{section.3.3}% 114
\BOOKMARK [2][-]{subsection.3.3.3}{\376\377\000B\000\340\000i\000\040\000t\036\255\000p}{section.3.3}% 115
\BOOKMARK [1][-]{section.3.4}{\376\377\000C\000\341\000c\000\040\000t\000r\001\260\036\335\000n\000g\000\040\000h\036\343\000p\000\040\000b\036\261\000n\000g\000\040\000n\000h\000a\000u\000\040\000c\036\347\000a\000\040\000t\000a\000m\000\040\000g\000i\000\341\000c\000\040\000v\000u\000\364\000n\000g}{chapter.3}% 116
\BOOKMARK [2][-]{subsection.3.4.1}{\376\377\000H\036\317\000i\000\040\001\021\000\341\000p\000\040\000n\000h\000a\000n\000h}{section.3.4}% 117
\BOOKMARK [2][-]{subsection.3.4.2}{\376\377\000H\036\315\000c\000\040\000g\000i\036\243\000i\000\040\000t\000o\000\341\000n}{section.3.4}% 118
\BOOKMARK [2][-]{subsection.3.4.3}{\376\377\000B\000\340\000i\000\040\000t\036\255\000p}{section.3.4}% 119
\BOOKMARK [0][-]{chapter.4}{\376\377\000Q\000U\000A\000N\000\040\000H\036\306\000\040\000G\000I\036\356\000A\000\040\000C\000\301\000C\000\040\000Y\036\276\000U\000\040\000T\036\320\000\040\000T\000R\000O\000N\000G\000\040\000T\000A\000M\000\040\000G\000I\000\301\000C\000\040\000-\000\040\000C\000\301\000C\000\040\001\020\001\257\036\334\000N\000G\000\040\001\020\036\322\000N\000G\000\040\000Q\000U\000Y\000\040\000T\000R\000O\000N\000G\000\040\000T\000A\000M\000\040\000G\000I\000\301\000C}{part.2}% 120
\BOOKMARK [1][-]{section.4.1}{\376\377\000Q\000u\000a\000n\000\040\000h\036\307\000\040\000g\000i\036\357\000a\000\040\000g\000\363\000c\000\040\000v\000\340\000\040\000c\036\241\000n\000h\000\040\001\021\036\321\000i\000\040\000d\000i\036\307\000n\000\040\000t\000r\000o\000n\000g\000\040\000m\036\331\000t\000\040\000t\000a\000m\000\040\000g\000i\000\341\000c}{chapter.4}% 121
\BOOKMARK [2][-]{subsection.4.1.1}{\376\377\000H\036\317\000i\000\040\001\021\000\341\000p\000\040\000n\000h\000a\000n\000h}{section.4.1}% 122
\BOOKMARK [2][-]{subsection.4.1.2}{\376\377\000H\036\315\000c\000\040\000g\000i\036\243\000i\000\040\000t\000o\000\341\000n}{section.4.1}% 123
\BOOKMARK [2][-]{subsection.4.1.3}{\376\377\000B\000\340\000i\000\040\000t\036\255\000p}{section.4.1}% 124
\BOOKMARK [1][-]{section.4.2}{\376\377\000Q\000u\000a\000n\000\040\000h\036\307\000\040\000g\000i\036\357\000a\000\040\001\021\001\260\036\335\000n\000g\000\040\000v\000u\000\364\000n\000g\000\040\000g\000\363\000c\000\040\000v\000\340\000\040\001\021\001\260\036\335\000n\000g\000\040\000x\000i\000\352\000n\000.\000\040\001\020\001\260\036\335\000n\000g\000\040\000x\000i\000\352\000n\000\040\000v\000\340\000\040\000h\000\354\000n\000h\000\040\000c\000h\000i\036\277\000u}{chapter.4}% 125
\BOOKMARK [2][-]{subsection.4.2.1}{\376\377\000H\036\317\000i\000\040\001\021\000\341\000p\000\040\000n\000h\000a\000n\000h}{section.4.2}% 126
\BOOKMARK [2][-]{subsection.4.2.2}{\376\377\000H\036\315\000c\000\040\000g\000i\036\243\000i\000\040\000t\000o\000\341\000n}{section.4.2}% 127
\BOOKMARK [2][-]{subsection.4.2.3}{\376\377\000B\000\340\000i\000\040\000t\036\255\000p}{section.4.2}% 128
\BOOKMARK [1][-]{section.4.3}{\376\377\000Q\000u\000a\000n\000\040\000h\036\307\000\040\000g\000i\036\357\000a\000\040\000b\000a\000\040\000c\036\241\000n\000h\000\040\000c\036\347\000a\000\040\000t\000a\000m\000\040\000g\000i\000\341\000c}{chapter.4}% 129
\BOOKMARK [2][-]{subsection.4.3.1}{\376\377\000H\036\317\000i\000\040\001\021\000\341\000p\000\040\000n\000h\000a\000n\000h}{section.4.3}% 130
\BOOKMARK [2][-]{subsection.4.3.2}{\376\377\000H\036\315\000c\000\040\000g\000i\036\243\000i\000\040\000t\000o\000\341\000n}{section.4.3}% 131
\BOOKMARK [2][-]{subsection.4.3.3}{\376\377\000B\000\340\000i\000\040\000t\036\255\000p}{section.4.3}% 132
\BOOKMARK [1][-]{section.4.4}{\376\377\000T\000\355\000n\000h\000\040\000c\000h\036\245\000t\000\040\000b\000a\000\040\001\021\001\260\036\335\000n\000g\000\040\000t\000r\000u\000n\000g\000\040\000t\000u\000y\036\277\000n\000\040\000c\036\347\000a\000\040\000t\000a\000m\000\040\000g\000i\000\341\000c}{chapter.4}% 133
\BOOKMARK [2][-]{subsection.4.4.1}{\376\377\000K\000i\036\277\000n\000\040\000t\000h\036\351\000c\000\040\000c\036\247\000n\000\040\000n\000h\036\333}{section.4.4}% 134
\BOOKMARK [2][-]{subsection.4.4.2}{\376\377\000H\036\317\000i\000\040\001\021\000\341\000p\000\040\000n\000h\000a\000n\000h}{section.4.4}% 135
\BOOKMARK [2][-]{subsection.4.4.3}{\376\377\000H\036\315\000c\000\040\000g\000i\036\243\000i\000\040\000t\000o\000\341\000n}{section.4.4}% 136
\BOOKMARK [2][-]{subsection.4.4.4}{\376\377\000B\000\340\000i\000\040\000t\036\255\000p}{section.4.4}% 137
\BOOKMARK [1][-]{section.4.5}{\376\377\000T\000\355\000n\000h\000\040\000c\000h\036\245\000t\000\040\000b\000a\000\040\001\021\001\260\036\335\000n\000g\000\040\000p\000h\000\342\000n\000\040\000g\000i\000\341\000c\000\040\000t\000r\000o\000n\000g\000\040\000t\000a\000m\000\040\000g\000i\000\341\000c}{chapter.4}% 138
\BOOKMARK [2][-]{subsection.4.5.1}{\376\377\000H\036\317\000i\000\040\001\021\000\341\000p\000\040\000n\000h\000a\000n\000h}{section.4.5}% 139
\BOOKMARK [2][-]{subsection.4.5.2}{\376\377\000H\036\315\000c\000\040\000g\000i\036\243\000i\000\040\000t\000o\000\341\000n}{section.4.5}% 140
\BOOKMARK [2][-]{subsection.4.5.3}{\376\377\000B\000\340\000i\000\040\000t\036\255\000p}{section.4.5}% 141
\BOOKMARK [1][-]{section.4.6}{\376\377\001\020\001\260\036\335\000n\000g\000\040\000t\000r\000u\000n\000g\000\040\000t\000r\036\361\000c\000\040\000c\036\347\000a\000\040\000m\036\331\000t\000\040\001\021\000o\036\241\000n\000\040\000t\000h\036\263\000n\000g\000.\000\040\000T\000\355\000n\000h\000\040\000c\000h\036\245\000t\000\040\000b\000a\000\040\001\021\001\260\036\335\000n\000g\000\040\000t\000r\000u\000n\000g\000\040\000t\000r\036\361\000c\000\040\000c\036\347\000a\000\040\000t\000a\000m\000\040\000g\000i\000\341\000c}{chapter.4}% 142
\BOOKMARK [2][-]{subsection.4.6.1}{\376\377\000H\036\317\000i\000\040\001\021\000\341\000p\000\040\000n\000h\000a\000n\000h}{section.4.6}% 143
\BOOKMARK [2][-]{subsection.4.6.2}{\376\377\000H\036\315\000c\000\040\000g\000i\036\243\000i\000\040\000t\000o\000\341\000n}{section.4.6}% 144
\BOOKMARK [2][-]{subsection.4.6.3}{\376\377\000B\000\340\000i\000\040\000t\036\255\000p}{section.4.6}% 145
\BOOKMARK [1][-]{section.4.7}{\376\377\000T\000\355\000n\000h\000\040\000c\000h\036\245\000t\000\040\000b\000a\000\040\001\021\001\260\036\335\000n\000g\000\040\000c\000a\000o\000\040\000c\036\347\000a\000\040\000t\000a\000m\000\040\000g\000i\000\341\000c}{chapter.4}% 146
\BOOKMARK [2][-]{subsection.4.7.1}{\376\377\000H\036\317\000i\000\040\001\021\000\341\000p\000\040\000n\000h\000a\000n\000h}{section.4.7}% 147
\BOOKMARK [2][-]{subsection.4.7.2}{\376\377\000H\036\315\000c\000\040\000g\000i\036\243\000i\000\040\000t\000o\000\341\000n}{section.4.7}% 148
\BOOKMARK [2][-]{subsection.4.7.3}{\376\377\000B\000\340\000i\000\040\000t\036\255\000p}{section.4.7}% 149
